<?xml version="1.0" encoding="UTF-8" ?>
<testsuite tests="15" failures="0" name="com.niit.colloboration_backend.ForumDAOTest" time="26.031" errors="0" skipped="14">
  <properties>
[...]
</properties>
  <testcase classname="com.niit.colloboration_backend.ForumDAOTest" name="blockUserTest" time="2.12">
    <skipped/>
    <system-err>log4j:WARN No appenders could be found for logger (org.springframework.core.env.StandardEnvironment).
log4j:WARN Please initialize the log4j system properly.
</system-err>
  </testcase>
  <testcase classname="com.niit.colloboration_backend.ForumDAOTest" name="deleteForumCommentTest" time="2.12">
    <skipped/>
  </testcase>
  <testcase classname="com.niit.colloboration_backend.ForumDAOTest" name="deleteForumTest" time="2.135">
    <skipped/>
  </testcase>
  <testcase classname="com.niit.colloboration_backend.ForumDAOTest" name="updateForumCommentTest" time="2.135">
    <skipped/>
  </testcase>
  <testcase classname="com.niit.colloboration_backend.ForumDAOTest" name="updateForumTest" time="2.135">
    <skipped/>
  </testcase>
  <testcase classname="com.niit.colloboration_backend.ForumDAOTest" name="getForumCommentByForumidTest" time="2.135">
    <skipped/>
  </testcase>
  <testcase classname="com.niit.colloboration_backend.ForumDAOTest" name="getForumRequestTest" time="2.135">
    <skipped/>
  </testcase>
  <testcase classname="com.niit.colloboration_backend.ForumDAOTest" name="getAllForumTest" time="2.135">
    <skipped/>
  </testcase>
  <testcase classname="com.niit.colloboration_backend.ForumDAOTest" name="getForumCommentTest" time="2.135">
    <skipped/>
  </testcase>
  <testcase classname="com.niit.colloboration_backend.ForumDAOTest" name="acceptForumRequestTest" time="2.135">
    <skipped/>
  </testcase>
  <testcase classname="com.niit.colloboration_backend.ForumDAOTest" name="addForumRequestTest" time="2.135">
    <skipped/>
  </testcase>
  <testcase classname="com.niit.colloboration_backend.ForumDAOTest" name="getAllForumRequestTest" time="2.135">
    <skipped/>
  </testcase>
  <testcase classname="com.niit.colloboration_backend.ForumDAOTest" name="addForumTest" time="0.147"/>
  <testcase classname="com.niit.colloboration_backend.ForumDAOTest" name="getForumTest" time="0.147">
    <skipped/>
  </testcase>
  <testcase classname="com.niit.colloboration_backend.ForumDAOTest" name="addForumComment" time="0.147">
    <skipped/>
  </testcase>
</testsuite>