<?xml version="1.0" encoding="UTF-8" ?>
<testsuite tests="1" failures="0" name="com.niit.colloboration_backend.ForumDaoTest" time="0.231" errors="1" skipped="0">
  <properties>
[...]
</properties>
  <testcase classname="com.niit.colloboration_backend.ForumDaoTest" name="com.niit.colloboration_backend.ForumDaoTest" time="0.231">
    <error message="Error creating bean with name &apos;ForumDao&apos;: Unsatisfied dependency expressed through field &apos;sessionFactory&apos;; nested exception is org.springframework.beans.factory.BeanCreationException: Error creating bean with name &apos;sessionFactory&apos; defined in com.niit.config.HibernateConfig: Bean instantiation via factory method failed; nested exception is org.springframework.beans.BeanInstantiationException: Failed to instantiate [org.hibernate.SessionFactory]: Factory method &apos;sessionFactory&apos; threw exception; nested exception is java.lang.Error: Unresolved compilation problems: 
	Friend cannot be resolved to a type
	Forum cannot be resolved to a type
	Job cannot be resolved to a type
" type="org.springframework.beans.factory.UnsatisfiedDependencyException">org.springframework.beans.factory.UnsatisfiedDependencyException: Error creating bean with name &apos;ForumDao&apos;: Unsatisfied dependency expressed through field &apos;sessionFactory&apos;; nested exception is org.springframework.beans.factory.BeanCreationException: Error creating bean with name &apos;sessionFactory&apos; defined in com.niit.config.HibernateConfig: Bean instantiation via factory method failed; nested exception is org.springframework.beans.BeanInstantiationException: Failed to instantiate [org.hibernate.SessionFactory]: Factory method &apos;sessionFactory&apos; threw exception; nested exception is java.lang.Error: Unresolved compilation problems: 
	Friend cannot be resolved to a type
	Forum cannot be resolved to a type
	Job cannot be resolved to a type

	at org.springframework.beans.factory.annotation.AutowiredAnnotationBeanPostProcessor$AutowiredFieldElement.inject(AutowiredAnnotationBeanPostProcessor.java:588)
	at org.springframework.beans.factory.annotation.InjectionMetadata.inject(InjectionMetadata.java:88)
	at org.springframework.beans.factory.annotation.AutowiredAnnotationBeanPostProcessor.postProcessPropertyValues(AutowiredAnnotationBeanPostProcessor.java:366)
	at org.springframework.beans.factory.support.AbstractAutowireCapableBeanFactory.populateBean(AbstractAutowireCapableBeanFactory.java:1264)
	at org.springframework.beans.factory.support.AbstractAutowireCapableBeanFactory.doCreateBean(AbstractAutowireCapableBeanFactory.java:553)
	at org.springframework.beans.factory.support.AbstractAutowireCapableBeanFactory.createBean(AbstractAutowireCapableBeanFactory.java:483)
	at org.springframework.beans.factory.support.AbstractBeanFactory$1.getObject(AbstractBeanFactory.java:306)
	at org.springframework.beans.factory.support.DefaultSingletonBeanRegistry.getSingleton(DefaultSingletonBeanRegistry.java:230)
	at org.springframework.beans.factory.support.AbstractBeanFactory.doGetBean(AbstractBeanFactory.java:302)
	at org.springframework.beans.factory.support.AbstractBeanFactory.getBean(AbstractBeanFactory.java:197)
	at org.springframework.beans.factory.support.DefaultListableBeanFactory.preInstantiateSingletons(DefaultListableBeanFactory.java:761)
	at org.springframework.context.support.AbstractApplicationContext.finishBeanFactoryInitialization(AbstractApplicationContext.java:867)
	at org.springframework.context.support.AbstractApplicationContext.refresh(AbstractApplicationContext.java:543)
	at com.niit.colloboration_backend.ForumDaoTest.initialize(ForumDaoTest.java:30)
	at sun.reflect.NativeMethodAccessorImpl.invoke0(Native Method)
	at sun.reflect.NativeMethodAccessorImpl.invoke(NativeMethodAccessorImpl.java:62)
	at sun.reflect.DelegatingMethodAccessorImpl.invoke(DelegatingMethodAccessorImpl.java:43)
	at java.lang.reflect.Method.invoke(Method.java:498)
	at org.junit.internal.runners.BeforeAndAfterRunner.invokeMethod(BeforeAndAfterRunner.java:74)
	at org.junit.internal.runners.BeforeAndAfterRunner.runBefores(BeforeAndAfterRunner.java:50)
	at org.junit.internal.runners.BeforeAndAfterRunner.runProtected(BeforeAndAfterRunner.java:33)
	at org.junit.internal.runners.TestClassRunner.run(TestClassRunner.java:52)
	at org.apache.maven.surefire.junit4.JUnit4Provider.execute(JUnit4Provider.java:252)
	at org.apache.maven.surefire.junit4.JUnit4Provider.executeTestSet(JUnit4Provider.java:141)
	at org.apache.maven.surefire.junit4.JUnit4Provider.invoke(JUnit4Provider.java:112)
	at sun.reflect.NativeMethodAccessorImpl.invoke0(Native Method)
	at sun.reflect.NativeMethodAccessorImpl.invoke(NativeMethodAccessorImpl.java:62)
	at sun.reflect.DelegatingMethodAccessorImpl.invoke(DelegatingMethodAccessorImpl.java:43)
	at java.lang.reflect.Method.invoke(Method.java:498)
	at org.apache.maven.surefire.util.ReflectionUtils.invokeMethodWithArray(ReflectionUtils.java:189)
	at org.apache.maven.surefire.booter.ProviderFactory$ProviderProxy.invoke(ProviderFactory.java:165)
	at org.apache.maven.surefire.booter.ProviderFactory.invokeProvider(ProviderFactory.java:85)
	at org.apache.maven.surefire.booter.ForkedBooter.runSuitesInProcess(ForkedBooter.java:115)
	at org.apache.maven.surefire.booter.ForkedBooter.main(ForkedBooter.java:75)
Caused by: org.springframework.beans.factory.BeanCreationException: Error creating bean with name &apos;sessionFactory&apos; defined in com.niit.config.HibernateConfig: Bean instantiation via factory method failed; nested exception is org.springframework.beans.BeanInstantiationException: Failed to instantiate [org.hibernate.SessionFactory]: Factory method &apos;sessionFactory&apos; threw exception; nested exception is java.lang.Error: Unresolved compilation problems: 
	Friend cannot be resolved to a type
	Forum cannot be resolved to a type
	Job cannot be resolved to a type

	at org.springframework.beans.factory.support.ConstructorResolver.instantiateUsingFactoryMethod(ConstructorResolver.java:599)
	at org.springframework.beans.factory.support.AbstractAutowireCapableBeanFactory.instantiateUsingFactoryMethod(AbstractAutowireCapableBeanFactory.java:1173)
	at org.springframework.beans.factory.support.AbstractAutowireCapableBeanFactory.createBeanInstance(AbstractAutowireCapableBeanFactory.java:1067)
	at org.springframework.beans.factory.support.AbstractAutowireCapableBeanFactory.doCreateBean(AbstractAutowireCapableBeanFactory.java:513)
	at org.springframework.beans.factory.support.AbstractAutowireCapableBeanFactory.createBean(AbstractAutowireCapableBeanFactory.java:483)
	at org.springframework.beans.factory.support.AbstractBeanFactory$1.getObject(AbstractBeanFactory.java:306)
	at org.springframework.beans.factory.support.DefaultSingletonBeanRegistry.getSingleton(DefaultSingletonBeanRegistry.java:230)
	at org.springframework.beans.factory.support.AbstractBeanFactory.doGetBean(AbstractBeanFactory.java:302)
	at org.springframework.beans.factory.support.AbstractBeanFactory.getBean(AbstractBeanFactory.java:202)
	at org.springframework.beans.factory.config.DependencyDescriptor.resolveCandidate(DependencyDescriptor.java:208)
	at org.springframework.beans.factory.support.DefaultListableBeanFactory.doResolveDependency(DefaultListableBeanFactory.java:1138)
	at org.springframework.beans.factory.support.DefaultListableBeanFactory.resolveDependency(DefaultListableBeanFactory.java:1066)
	at org.springframework.beans.factory.annotation.AutowiredAnnotationBeanPostProcessor$AutowiredFieldElement.inject(AutowiredAnnotationBeanPostProcessor.java:585)
	... 33 more
Caused by: org.springframework.beans.BeanInstantiationException: Failed to instantiate [org.hibernate.SessionFactory]: Factory method &apos;sessionFactory&apos; threw exception; nested exception is java.lang.Error: Unresolved compilation problems: 
	Friend cannot be resolved to a type
	Forum cannot be resolved to a type
	Job cannot be resolved to a type

	at org.springframework.beans.factory.support.SimpleInstantiationStrategy.instantiate(SimpleInstantiationStrategy.java:189)
	at org.springframework.beans.factory.support.ConstructorResolver.instantiateUsingFactoryMethod(ConstructorResolver.java:588)
	... 45 more
Caused by: java.lang.Error: Unresolved compilation problems: 
	Friend cannot be resolved to a type
	Forum cannot be resolved to a type
	Job cannot be resolved to a type

	at com.niit.config.HibernateConfig.sessionFactory(HibernateConfig.java:38)
	at com.niit.config.HibernateConfig$$EnhancerBySpringCGLIB$$d5877ca4.CGLIB$sessionFactory$2(&lt;generated&gt;)
	at com.niit.config.HibernateConfig$$EnhancerBySpringCGLIB$$d5877ca4$$FastClassBySpringCGLIB$$a2278865.invoke(&lt;generated&gt;)
	at org.springframework.cglib.proxy.MethodProxy.invokeSuper(MethodProxy.java:228)
	at org.springframework.context.annotation.ConfigurationClassEnhancer$BeanMethodInterceptor.intercept(ConfigurationClassEnhancer.java:358)
	at com.niit.config.HibernateConfig$$EnhancerBySpringCGLIB$$d5877ca4.sessionFactory(&lt;generated&gt;)
	at sun.reflect.NativeMethodAccessorImpl.invoke0(Native Method)
	at sun.reflect.NativeMethodAccessorImpl.invoke(NativeMethodAccessorImpl.java:62)
	at sun.reflect.DelegatingMethodAccessorImpl.invoke(DelegatingMethodAccessorImpl.java:43)
	at java.lang.reflect.Method.invoke(Method.java:498)
	at org.springframework.beans.factory.support.SimpleInstantiationStrategy.instantiate(SimpleInstantiationStrategy.java:162)
	... 46 more
</error>
    <system-err>Feb 22, 2018 11:40:47 AM org.springframework.context.annotation.AnnotationConfigApplicationContext prepareRefresh
INFO: Refreshing org.springframework.context.annotation.AnnotationConfigApplicationContext@4e50c791: startup date [Thu Feb 22 11:40:47 GMT-12:00 2018]; root of context hierarchy
Feb 22, 2018 11:40:47 AM org.springframework.jdbc.datasource.DriverManagerDataSource setDriverClassName
INFO: Loaded JDBC driver: org.h2.Driver
Feb 22, 2018 11:40:48 AM org.springframework.context.annotation.AnnotationConfigApplicationContext refresh
WARNING: Exception encountered during context initialization - cancelling refresh attempt: org.springframework.beans.factory.UnsatisfiedDependencyException: Error creating bean with name &apos;ForumDao&apos;: Unsatisfied dependency expressed through field &apos;sessionFactory&apos;; nested exception is org.springframework.beans.factory.BeanCreationException: Error creating bean with name &apos;sessionFactory&apos; defined in com.niit.config.HibernateConfig: Bean instantiation via factory method failed; nested exception is org.springframework.beans.BeanInstantiationException: Failed to instantiate [org.hibernate.SessionFactory]: Factory method &apos;sessionFactory&apos; threw exception; nested exception is java.lang.Error: Unresolved compilation problems: 
	Friend cannot be resolved to a type
	Forum cannot be resolved to a type
	Job cannot be resolved to a type

</system-err>
  </testcase>
</testsuite>